<?xml version="1.0" encoding="UTF-8"?>
<testng-results ignored="0" total="1" passed="1" failed="0" skipped="0">
  <reporter-output>
  </reporter-output>
  <suite started-at="2023-06-05T16:39:16 IST" name="Default suite" finished-at="2023-06-05T16:39:21 IST" duration-ms="4269">
    <groups>
    </groups>
    <test started-at="2023-06-05T16:39:16 IST" name="Default test" finished-at="2023-06-05T16:39:21 IST" duration-ms="4269">
      <class name="obsqura.MartSuperMarket.FileDownload">
        <test-method is-config="true" signature="intializeBrowser()[pri:0, instance:obsqura.MartSuperMarket.FileDownload@16293aa2]" started-at="2023-06-05T16:39:16 IST" name="intializeBrowser" finished-at="2023-06-05T16:39:19 IST" duration-ms="2245" status="PASS">
          <reporter-output>
          </reporter-output>
        </test-method> <!-- intializeBrowser -->
        <test-method signature="fileDownload()[pri:0, instance:obsqura.MartSuperMarket.FileDownload@16293aa2]" started-at="2023-06-05T16:39:19 IST" name="fileDownload" finished-at="2023-06-05T16:39:20 IST" duration-ms="1869" status="PASS">
          <reporter-output>
          </reporter-output>
        </test-method> <!-- fileDownload -->
        <test-method is-config="true" signature="driverQuit()[pri:0, instance:obsqura.MartSuperMarket.FileDownload@16293aa2]" started-at="2023-06-05T16:39:20 IST" name="driverQuit" finished-at="2023-06-05T16:39:21 IST" duration-ms="127" status="PASS">
          <reporter-output>
          </reporter-output>
        </test-method> <!-- driverQuit -->
      </class> <!-- obsqura.MartSuperMarket.FileDownload -->
    </test> <!-- Default test -->
  </suite> <!-- Default suite -->
</testng-results>
